<?xml version="1.0" encoding="UTF-8"?>
<testng-results ignored="0" total="1" passed="1" failed="0" skipped="0">
  <reporter-output>
  </reporter-output>
  <suite started-at="2024-11-18T14:38:32 IST" name="Default suite" finished-at="2024-11-18T14:38:43 IST" duration-ms="10288">
    <groups>
    </groups>
    <test started-at="2024-11-18T14:38:32 IST" name="Default test" finished-at="2024-11-18T14:38:43 IST" duration-ms="10288">
      <class name="testScripts.MouseActionTest">
        <test-method signature="mouseActionsTest()[pri:0, instance:testScripts.MouseActionTest@63a12c68]" started-at="2024-11-18T14:38:32 IST" name="mouseActionsTest" finished-at="2024-11-18T14:38:43 IST" duration-ms="10226" status="PASS">
          <reporter-output>
          </reporter-output>
        </test-method> <!-- mouseActionsTest -->
      </class> <!-- testScripts.MouseActionTest -->
    </test> <!-- Default test -->
  </suite> <!-- Default suite -->
</testng-results>
